0 info it worked if it ends with ok
1 verbose cli [ '/usr/bin/nodejs', '/usr/bin/npm', 'publish' ]
2 info using npm@3.5.2
3 info using node@v4.2.6
4 verbose publish [ '.' ]
5 silly cache add args [ '.', null ]
6 verbose cache add spec .
7 silly cache add parsed spec Result {
7 silly cache add   raw: '.',
7 silly cache add   scope: null,
7 silly cache add   name: null,
7 silly cache add   rawSpec: '.',
7 silly cache add   spec: '/home/jane/work/upwork/line-charts',
7 silly cache add   type: 'directory' }
8 verbose addLocalDirectory /home/jane/.npm/line-charts-maqrat/1.0.0/package.tgz not in flight; packing
9 info lifecycle line-charts-maqrat@1.0.0~prepublish: line-charts-maqrat@1.0.0
10 silly lifecycle line-charts-maqrat@1.0.0~prepublish: no script for prepublish, continuing
11 verbose tar pack [ '/home/jane/.npm/line-charts-maqrat/1.0.0/package.tgz',
11 verbose tar pack   '/home/jane/work/upwork/line-charts' ]
12 verbose tarball /home/jane/.npm/line-charts-maqrat/1.0.0/package.tgz
13 verbose folder /home/jane/work/upwork/line-charts
14 verbose addLocalTarball adding from inside cache /home/jane/.npm/line-charts-maqrat/1.0.0/package.tgz
15 silly cache afterAdd line-charts-maqrat@1.0.0
16 verbose afterAdd /home/jane/.npm/line-charts-maqrat/1.0.0/package/package.json not in flight; writing
17 verbose afterAdd /home/jane/.npm/line-charts-maqrat/1.0.0/package/package.json written
18 silly publish { name: 'line-charts-maqrat',
18 silly publish   version: '1.0.0',
18 silly publish   description: '',
18 silly publish   main: '/build/LineChart.js',
18 silly publish   scripts: { test: 'echo "Error: no test specified" && exit 1' },
18 silly publish   repository:
18 silly publish    { type: 'git',
18 silly publish      url: 'git+https://github.com/maqrat/line-charts.git' },
18 silly publish   author: '',
18 silly publish   license: 'ISC',
18 silly publish   bugs: { url: 'https://github.com/maqrat/line-charts/issues' },
18 silly publish   homepage: 'https://github.com/maqrat/line-charts#readme',
18 silly publish   readme: '# line-charts\n',
18 silly publish   readmeFilename: 'README.md',
18 silly publish   gitHead: 'a3df5a3d1828f0a71b2911756d7e7acea96c1c0f',
18 silly publish   _id: 'line-charts-maqrat@1.0.0',
18 silly publish   _shasum: 'ec34956a4ffca40d84b042fe0a45b019f0892d05',
18 silly publish   _from: '.' }
19 verbose getPublishConfig undefined
20 silly mapToRegistry name line-charts-maqrat
21 silly mapToRegistry using default registry
22 silly mapToRegistry registry https://registry.npmjs.org/
23 silly mapToRegistry uri https://registry.npmjs.org/line-charts-maqrat
24 verbose publish registryBase https://registry.npmjs.org/
25 silly publish uploading /home/jane/.npm/line-charts-maqrat/1.0.0/package.tgz
26 verbose request uri https://registry.npmjs.org/line-charts-maqrat
27 verbose request sending authorization for write operation
28 info attempt registry request try #1 at 12:05:22 AM
29 verbose request using bearer token for auth
30 verbose request id 6af80413a7b7afd9
31 http request PUT https://registry.npmjs.org/line-charts-maqrat
32 http 403 https://registry.npmjs.org/line-charts-maqrat
33 verbose headers { 'content-type': 'application/json',
33 verbose headers   'cache-control': 'max-age=300',
33 verbose headers   'content-length': '95',
33 verbose headers   'accept-ranges': 'bytes',
33 verbose headers   date: 'Wed, 09 Nov 2016 17:05:24 GMT',
33 verbose headers   via: '1.1 varnish',
33 verbose headers   connection: 'keep-alive',
33 verbose headers   'x-served-by': 'cache-hkg6826-HKG',
33 verbose headers   'x-cache': 'MISS',
33 verbose headers   'x-cache-hits': '0',
33 verbose headers   'x-timer': 'S1478711123.021133,VS0,VE1941',
33 verbose headers   vary: 'Accept-Encoding' }
34 verbose request invalidating /home/jane/.npm/registry.npmjs.org/line-charts-maqrat on PUT
35 error publish Failed PUT 403
36 verbose stack Error: "You cannot publish over the previously published version 1.0.0." : line-charts-maqrat
36 verbose stack     at makeError (/usr/share/npm/node_modules/npm-registry-client/lib/request.js:264:12)
36 verbose stack     at CachingRegistryClient.<anonymous> (/usr/share/npm/node_modules/npm-registry-client/lib/request.js:252:14)
36 verbose stack     at Request._callback (/usr/share/npm/node_modules/npm-registry-client/lib/request.js:172:14)
36 verbose stack     at Request.self.callback (/usr/share/npm/node_modules/request/request.js:198:22)
36 verbose stack     at emitTwo (events.js:87:13)
36 verbose stack     at Request.emit (events.js:172:7)
36 verbose stack     at Request.<anonymous> (/usr/share/npm/node_modules/request/request.js:1082:10)
36 verbose stack     at emitOne (events.js:82:20)
36 verbose stack     at Request.emit (events.js:169:7)
36 verbose stack     at IncomingMessage.<anonymous> (/usr/share/npm/node_modules/request/request.js:1009:12)
37 verbose statusCode 403
38 verbose pkgid line-charts-maqrat
39 verbose cwd /home/jane/work/upwork/line-charts
40 error Linux 4.4.0-45-generic
41 error argv "/usr/bin/nodejs" "/usr/bin/npm" "publish"
42 error node v4.2.6
43 error npm  v3.5.2
44 error code E403
45 error "You cannot publish over the previously published version 1.0.0." : line-charts-maqrat
46 error If you need help, you may report this error at:
46 error     <https://github.com/npm/npm/issues>
47 verbose exit [ 1, true ]
